<?xml version="1.0" encoding="UTF-8"?>
<testsuite name="com.example.junit.demo.CalculationTest" tests="1" skipped="0" failures="0" errors="0" timestamp="2023-06-10T12:06:34" hostname="ericko-ThinkPad-L490" time="0.022">
  <properties/>
  <testcase name="testFindMax()" classname="com.example.junit.demo.CalculationTest" time="0.022"/>
  <system-out><![CDATA[test case find max
]]></system-out>
  <system-err><![CDATA[]]></system-err>
</testsuite>
